05/06/2006 19:37:04 (InfL1)	+-+-+-+-+-+-+-+-+-+-+-+-+-+-+-+-+-+-+-+-+-+-+-+-+-+-+-+-+-+-+-+-+-+-+-+-+-+-+-+
05/06/2006 19:37:04 (InfL1)	+                     Crazy Eddie's GUI System - Event log                    +
05/06/2006 19:37:04 (InfL1)	+                          (http://www.cegui.org.uk/)                         +
05/06/2006 19:37:04 (InfL1)	+-+-+-+-+-+-+-+-+-+-+-+-+-+-+-+-+-+-+-+-+-+-+-+-+-+-+-+-+-+-+-+-+-+-+-+-+-+-+-+

05/06/2006 19:37:04 (InfL1)	CEGUI::Logger singleton created.
05/06/2006 19:37:04 (InfL1)	---- Begining CEGUI System initialisation ----
05/06/2006 19:37:04 (InfL1)	CEGUI::ImagesetManager singleton created
05/06/2006 19:37:04 (InfL1)	CEGUI::FontManager singleton created.
05/06/2006 19:37:04 (InfL1)	CEGUI::WindowFactoryManager singleton created
05/06/2006 19:37:04 (InfL1)	CEGUI::WindowManager singleton created
05/06/2006 19:37:04 (InfL1)	CEGUI::SchemeManager singleton created.
05/06/2006 19:37:04 (InfL1)	CEGUI::MouseCursor singleton created.
05/06/2006 19:37:04 (InfL1)	CEGUI::GlobalEventSet singleton created.
05/06/2006 19:37:04 (InfL1)	CEGUI::WidgetLookManager singleton created.
05/06/2006 19:37:04 (InfL1)	WindowFactory for 'DefaultWindow' windows added.
05/06/2006 19:37:04 (InfL1)	WindowFactory for 'DragContainer' windows added.
05/06/2006 19:37:04 (InfL1)	WindowFactory for 'ScrolledContainer' windows added.
05/06/2006 19:37:04 (InfL1)	Window type alias named 'DefaultGUISheet' added for window type 'DefaultWindow'.
05/06/2006 19:37:04 (InfL1)	CEGUI::System singleton created.
05/06/2006 19:37:04 (InfL1)	---- CEGUI System initialisation completed ----
05/06/2006 19:37:04 (InfL1)	---- Version 0.4.1 ----
05/06/2006 19:37:04 (InfL1)	---- Renderer module is: CEGUI::EaseWrapperRenderer - EaseWrapper based renderer module for CEGUI ----
05/06/2006 19:37:04 (InfL1)	---- XML Parser module is: CEGUI::TinyXMLParser - Official tinyXML based parser module for CEGUI ----
05/06/2006 19:37:04 (InfL1)	---- Scripting module is: None ----
